{"level":"info","message":"Server running --- from server.ts","timestamp":"2024-12-28T12:04:51.195Z"}
{"level":"info","message":"Router-----store Address","timestamp":"2024-12-28T12:04:59.967Z"}
{"level":"info","message":"Server running --- from server.ts","timestamp":"2024-12-28T12:08:21.825Z"}
{"level":"info","message":"Router-----store Address","timestamp":"2024-12-28T12:20:48.290Z"}
{"level":"info","message":"Server running --- from server.ts","timestamp":"2024-12-28T12:21:19.463Z"}
{"level":"info","message":"Router-----store Address","timestamp":"2024-12-28T12:21:20.034Z"}
{"level":"info","message":"Server running --- from server.ts","timestamp":"2024-12-28T12:22:34.245Z"}
{"level":"info","message":"Router-----store Address","timestamp":"2024-12-28T12:22:35.305Z"}
{"level":"info","message":"Server running --- from server.ts","timestamp":"2024-12-28T12:22:53.755Z"}
{"level":"info","message":"Router-----store Address","timestamp":"2024-12-28T12:22:56.766Z"}
{"level":"info","message":"Server running --- from server.ts","timestamp":"2024-12-28T12:24:13.582Z"}
{"level":"info","message":"Router-----store Address","timestamp":"2024-12-28T12:24:14.427Z"}
{"level":"info","message":"Server running --- from server.ts","timestamp":"2024-12-28T12:34:58.560Z"}
{"level":"info","message":"Server running --- from server.ts","timestamp":"2024-12-28T12:35:10.308Z"}
{"level":"info","message":"Server running --- from server.ts","timestamp":"2024-12-28T12:36:14.146Z"}
{"level":"info","message":"Server running --- from server.ts","timestamp":"2024-12-28T12:36:21.237Z"}
{"level":"info","message":"Server running --- from server.ts","timestamp":"2024-12-28T12:36:40.536Z"}
{"level":"info","message":"Router-----store Address","timestamp":"2024-12-28T12:44:47.934Z"}
{"level":"info","message":"Server running --- from server.ts","timestamp":"2024-12-28T12:50:33.737Z"}
{"level":"info","message":"Router-----store Address","timestamp":"2024-12-28T12:52:26.649Z"}
{"level":"info","message":"Router-----store Address","timestamp":"2024-12-28T12:58:05.280Z"}
{"level":"info","message":"Server running --- from server.ts","timestamp":"2024-12-28T12:59:44.290Z"}
{"level":"info","message":"Server running --- from server.ts","timestamp":"2024-12-28T13:00:18.224Z"}
{"level":"info","message":"Server running --- from server.ts","timestamp":"2024-12-28T13:00:27.296Z"}
{"level":"info","message":"Server running --- from server.ts","timestamp":"2024-12-28T13:00:41.034Z"}
{"level":"info","message":"Router-----store Address","timestamp":"2024-12-28T13:02:14.581Z"}
{"level":"info","message":"Server running --- from server.ts","timestamp":"2024-12-28T13:04:12.634Z"}
{"level":"info","message":"Server running --- from server.ts","timestamp":"2024-12-28T13:06:43.074Z"}
{"level":"info","message":"Server running --- from server.ts","timestamp":"2024-12-28T13:06:46.681Z"}
{"level":"info","message":"Server running --- from server.ts","timestamp":"2024-12-28T13:06:50.993Z"}
{"level":"info","message":"Server running --- from server.ts","timestamp":"2024-12-28T13:06:55.391Z"}
{"level":"info","message":"Server running --- from server.ts","timestamp":"2024-12-28T13:06:58.286Z"}
{"level":"info","message":"Server running --- from server.ts","timestamp":"2024-12-28T13:07:07.885Z"}
{"level":"info","message":"Server running --- from server.ts","timestamp":"2024-12-28T13:09:28.849Z"}
{"level":"info","message":"Server running --- from server.ts","timestamp":"2024-12-28T13:10:30.188Z"}
{"level":"info","message":"Server running --- from server.ts","timestamp":"2024-12-28T13:15:37.534Z"}
{"level":"info","message":"Server running --- from server.ts","timestamp":"2024-12-28T13:18:25.183Z"}
{"level":"info","message":"Server running --- from server.ts","timestamp":"2024-12-28T13:18:42.684Z"}
{"level":"info","message":"Server running --- from server.ts","timestamp":"2024-12-28T13:33:01.353Z"}
{"level":"info","message":"Server running --- from server.ts","timestamp":"2024-12-28T13:50:46.245Z"}
{"level":"info","message":"Server running --- from server.ts","timestamp":"2024-12-28T13:52:26.709Z"}
{"level":"info","message":"Server running --- from server.ts","timestamp":"2024-12-28T13:52:50.363Z"}
{"level":"info","message":"Server running --- from server.ts","timestamp":"2024-12-28T13:53:02.285Z"}
{"level":"info","message":"Server running --- from server.ts","timestamp":"2024-12-28T13:53:15.143Z"}
{"level":"info","message":"Server running --- from server.ts","timestamp":"2024-12-28T13:57:33.707Z"}
{"level":"info","message":"Router-----store Address","timestamp":"2024-12-28T13:57:55.699Z"}
{"level":"info","message":"Router-----store Address","timestamp":"2024-12-28T13:58:30.373Z"}
{"level":"error","message":"Error in store vendor social links: Cannot read properties of undefined (reading 'websiteUrl')","stack":"Error: Cannot read properties of undefined (reading 'websiteUrl')\n    at VendorRepository.<anonymous> (C:\\Users\\INDUMATHI\\Desktop\\KarmaCuisineBackend\\KARMA-CUISINE-BACKEND\\src\\api\\vendor\\vendor-repository.ts:148:15)\n    at Generator.next (<anonymous>)\n    at fulfilled (C:\\Users\\INDUMATHI\\Desktop\\KarmaCuisineBackend\\KARMA-CUISINE-BACKEND\\src\\api\\vendor\\vendor-repository.ts:5:58)\n    at processTicksAndRejections (node:internal/process/task_queues:105:5)","timestamp":"2024-12-28T13:58:30.459Z"}
{"level":"info","message":"Router-----store Address","timestamp":"2024-12-28T13:59:03.745Z"}
{"level":"error","message":"Error in store vendor social links: Cannot read properties of undefined (reading 'websiteUrl')","stack":"Error: Cannot read properties of undefined (reading 'websiteUrl')\n    at VendorRepository.<anonymous> (C:\\Users\\INDUMATHI\\Desktop\\KarmaCuisineBackend\\KARMA-CUISINE-BACKEND\\src\\api\\vendor\\vendor-repository.ts:148:15)\n    at Generator.next (<anonymous>)\n    at fulfilled (C:\\Users\\INDUMATHI\\Desktop\\KarmaCuisineBackend\\KARMA-CUISINE-BACKEND\\src\\api\\vendor\\vendor-repository.ts:5:58)\n    at processTicksAndRejections (node:internal/process/task_queues:105:5)","timestamp":"2024-12-28T13:59:03.826Z"}
{"level":"info","message":"Server running --- from server.ts","timestamp":"2024-12-28T14:04:11.013Z"}
{"level":"info","message":"Server running --- from server.ts","timestamp":"2024-12-28T14:37:01.008Z"}
{"level":"info","message":"Router-----store Address","timestamp":"2024-12-28T14:37:01.434Z"}
{"level":"error","message":"Error in store vendor social links: Cannot read properties of undefined (reading 'wbsiteUrl')","stack":"Error: Cannot read properties of undefined (reading 'wbsiteUrl')\n    at VendorRepository.<anonymous> (C:\\Users\\INDUMATHI\\Desktop\\KarmaCuisineBackend\\KARMA-CUISINE-BACKEND\\src\\api\\vendor\\vendor-repository.ts:148:15)\n    at Generator.next (<anonymous>)\n    at fulfilled (C:\\Users\\INDUMATHI\\Desktop\\KarmaCuisineBackend\\KARMA-CUISINE-BACKEND\\src\\api\\vendor\\vendor-repository.ts:5:58)\n    at processTicksAndRejections (node:internal/process/task_queues:105:5)","timestamp":"2024-12-28T14:37:01.544Z"}
{"level":"info","message":"Server running --- from server.ts","timestamp":"2024-12-28T14:51:45.582Z"}
{"level":"info","message":"Router-----store Address","timestamp":"2024-12-28T14:52:38.501Z"}
{"level":"info","message":"Router-----store Address","timestamp":"2024-12-28T14:56:22.868Z"}
{"level":"info","message":"Router-----store Address","timestamp":"2024-12-28T14:58:01.214Z"}
{"level":"error","message":"Server not running ---  New route /api/v1/vendorRoutes/SocialLinks conflicts with existing /api/v1/vendorRoutes/SocialLinks","name":"AssertError","stack":"AssertError: New route /api/v1/vendorRoutes/SocialLinks conflicts with existing /api/v1/vendorRoutes/SocialLinks\n    at module.exports.internals.Segment.internals.Segment.add (C:\\Users\\INDUMATHI\\Desktop\\KarmaCuisineBackend\\KARMA-CUISINE-BACKEND\\node_modules\\@hapi\\call\\lib\\segment.js:47:14)\n    at exports.Router.internals.Router.internals.Router.add (C:\\Users\\INDUMATHI\\Desktop\\KarmaCuisineBackend\\KARMA-CUISINE-BACKEND\\node_modules\\@hapi\\call\\lib\\index.js:65:16)\n    at internals.Server._addRoute (C:\\Users\\INDUMATHI\\Desktop\\KarmaCuisineBackend\\KARMA-CUISINE-BACKEND\\node_modules\\@hapi\\hapi\\lib\\server.js:529:46)\n    at internals.Server.route (C:\\Users\\INDUMATHI\\Desktop\\KarmaCuisineBackend\\KARMA-CUISINE-BACKEND\\node_modules\\@hapi\\hapi\\lib\\server.js:518:22)\n    at C:\\Users\\INDUMATHI\\Desktop\\KarmaCuisineBackend\\KARMA-CUISINE-BACKEND\\src\\api\\routes.ts:38:14\n    at new Promise (<anonymous>)\n    at vendorRoutes.<anonymous> (C:\\Users\\INDUMATHI\\Desktop\\KarmaCuisineBackend\\KARMA-CUISINE-BACKEND\\src\\api\\routes.ts:36:12)\n    at Generator.next (<anonymous>)\n    at C:\\Users\\INDUMATHI\\Desktop\\KarmaCuisineBackend\\KARMA-CUISINE-BACKEND\\src\\api\\routes.ts:8:71\n    at new Promise (<anonymous>)","timestamp":"2024-12-28T15:19:35.294Z"}
{"level":"info","message":"Server running --- from server.ts","timestamp":"2024-12-28T15:19:46.655Z"}
{"level":"info","message":"Server running --- from server.ts","timestamp":"2024-12-28T15:19:53.995Z"}
{"level":"info","message":"Server running --- from server.ts","timestamp":"2024-12-28T15:19:57.062Z"}
{"level":"info","message":"Server running --- from server.ts","timestamp":"2024-12-28T15:21:30.098Z"}
{"level":"info","message":"Server running --- from server.ts","timestamp":"2024-12-28T15:21:35.861Z"}
{"level":"info","message":"Server running --- from server.ts","timestamp":"2024-12-28T15:21:40.853Z"}
{"level":"info","message":"Server running --- from server.ts","timestamp":"2024-12-28T15:21:47.676Z"}
{"level":"info","message":"Server running --- from server.ts","timestamp":"2024-12-28T15:22:07.759Z"}
{"level":"info","message":"Server running --- from server.ts","timestamp":"2024-12-28T15:22:32.766Z"}
{"level":"info","message":"Server running --- from server.ts","timestamp":"2024-12-28T15:22:36.866Z"}
