{"level":"info","message":"Server running --- from server.ts","timestamp":"2024-12-26T05:10:01.564Z"}
{"level":"info","message":"Server running --- from server.ts","timestamp":"2024-12-26T05:41:37.014Z"}
{"level":"info","message":"Server running --- from server.ts","timestamp":"2024-12-26T05:42:57.498Z"}
{"level":"info","message":"Router ------------","timestamp":"2024-12-26T07:26:04.440Z"}
{"level":"error","message":"Error in user login :  Database query failed : password authentication failed for user \"postgres\"","stack":"Error: Database query failed : password authentication failed for user \"postgres\"\n    at C:\\Users\\INDUMATHI\\Desktop\\KarmaCuisineBackend\\KARMA-CUISINE-BACKEND\\src\\helper\\db.ts:24:11\n    at Generator.throw (<anonymous>)\n    at rejected (C:\\Users\\INDUMATHI\\Desktop\\KarmaCuisineBackend\\KARMA-CUISINE-BACKEND\\src\\helper\\db.ts:6:65)\n    at processTicksAndRejections (node:internal/process/task_queues:105:5)","timestamp":"2024-12-26T07:26:04.574Z"}
{"level":"info","message":"Server running --- from server.ts","timestamp":"2024-12-26T07:37:26.446Z"}
{"level":"info","message":"Router ------------","timestamp":"2024-12-26T07:37:31.017Z"}
{"level":"error","message":"Error in user login :  Database query failed : password authentication failed for user \"postgres\"","stack":"Error: Database query failed : password authentication failed for user \"postgres\"\n    at C:\\Users\\INDUMATHI\\Desktop\\KarmaCuisineBackend\\KARMA-CUISINE-BACKEND\\src\\helper\\db.ts:24:11\n    at Generator.throw (<anonymous>)\n    at rejected (C:\\Users\\INDUMATHI\\Desktop\\KarmaCuisineBackend\\KARMA-CUISINE-BACKEND\\src\\helper\\db.ts:6:65)\n    at processTicksAndRejections (node:internal/process/task_queues:105:5)","timestamp":"2024-12-26T07:37:31.244Z"}
{"level":"info","message":"Router ------------","timestamp":"2024-12-26T07:38:24.870Z"}
{"level":"error","message":"Error in user login :  Database query failed : password authentication failed for user \"postgres\"","stack":"Error: Database query failed : password authentication failed for user \"postgres\"\n    at C:\\Users\\INDUMATHI\\Desktop\\KarmaCuisineBackend\\KARMA-CUISINE-BACKEND\\src\\helper\\db.ts:24:11\n    at Generator.throw (<anonymous>)\n    at rejected (C:\\Users\\INDUMATHI\\Desktop\\KarmaCuisineBackend\\KARMA-CUISINE-BACKEND\\src\\helper\\db.ts:6:65)\n    at processTicksAndRejections (node:internal/process/task_queues:105:5)","timestamp":"2024-12-26T07:38:24.990Z"}
{"level":"info","message":"Server running --- from server.ts","timestamp":"2024-12-26T07:40:36.443Z"}
{"level":"info","message":"Router ------------","timestamp":"2024-12-26T07:40:38.801Z"}
{"level":"error","message":"Error in user login :  Database query failed : password authentication failed for user \"postgres\"","stack":"Error: Database query failed : password authentication failed for user \"postgres\"\n    at C:\\Users\\INDUMATHI\\Desktop\\KarmaCuisineBackend\\KARMA-CUISINE-BACKEND\\src\\helper\\db.ts:24:11\n    at Generator.throw (<anonymous>)\n    at rejected (C:\\Users\\INDUMATHI\\Desktop\\KarmaCuisineBackend\\KARMA-CUISINE-BACKEND\\src\\helper\\db.ts:6:65)\n    at processTicksAndRejections (node:internal/process/task_queues:105:5)","timestamp":"2024-12-26T07:40:38.951Z"}
{"level":"info","message":"Router ------------","timestamp":"2024-12-26T07:47:32.451Z"}
{"level":"error","message":"Error in user login :  Database query failed : password authentication failed for user \"postgres\"","stack":"Error: Database query failed : password authentication failed for user \"postgres\"\n    at C:\\Users\\INDUMATHI\\Desktop\\KarmaCuisineBackend\\KARMA-CUISINE-BACKEND\\src\\helper\\db.ts:24:11\n    at Generator.throw (<anonymous>)\n    at rejected (C:\\Users\\INDUMATHI\\Desktop\\KarmaCuisineBackend\\KARMA-CUISINE-BACKEND\\src\\helper\\db.ts:6:65)\n    at processTicksAndRejections (node:internal/process/task_queues:105:5)","timestamp":"2024-12-26T07:47:32.526Z"}
{"level":"info","message":"Router ------------","timestamp":"2024-12-26T07:55:02.172Z"}
{"level":"error","message":"Error in user login :  Database query failed : password authentication failed for user \"postgres\"","stack":"Error: Database query failed : password authentication failed for user \"postgres\"\n    at C:\\Users\\INDUMATHI\\Desktop\\KarmaCuisineBackend\\KARMA-CUISINE-BACKEND\\src\\helper\\db.ts:24:11\n    at Generator.throw (<anonymous>)\n    at rejected (C:\\Users\\INDUMATHI\\Desktop\\KarmaCuisineBackend\\KARMA-CUISINE-BACKEND\\src\\helper\\db.ts:6:65)\n    at processTicksAndRejections (node:internal/process/task_queues:105:5)","timestamp":"2024-12-26T07:55:02.252Z"}
{"level":"info","message":"Router ------------","timestamp":"2024-12-26T07:56:44.952Z"}
{"level":"error","message":"Error in user login :  Database query failed : password authentication failed for user \"postgres\"","stack":"Error: Database query failed : password authentication failed for user \"postgres\"\n    at C:\\Users\\INDUMATHI\\Desktop\\KarmaCuisineBackend\\KARMA-CUISINE-BACKEND\\src\\helper\\db.ts:24:11\n    at Generator.throw (<anonymous>)\n    at rejected (C:\\Users\\INDUMATHI\\Desktop\\KarmaCuisineBackend\\KARMA-CUISINE-BACKEND\\src\\helper\\db.ts:6:65)\n    at processTicksAndRejections (node:internal/process/task_queues:105:5)","timestamp":"2024-12-26T07:56:45.032Z"}
{"level":"info","message":"Router ------------","timestamp":"2024-12-26T08:09:59.446Z"}
{"level":"error","message":"Error in user login :  Database query failed : password authentication failed for user \"postgres\"","stack":"Error: Database query failed : password authentication failed for user \"postgres\"\n    at C:\\Users\\INDUMATHI\\Desktop\\KarmaCuisineBackend\\KARMA-CUISINE-BACKEND\\src\\helper\\db.ts:24:11\n    at Generator.throw (<anonymous>)\n    at rejected (C:\\Users\\INDUMATHI\\Desktop\\KarmaCuisineBackend\\KARMA-CUISINE-BACKEND\\src\\helper\\db.ts:6:65)\n    at processTicksAndRejections (node:internal/process/task_queues:105:5)","timestamp":"2024-12-26T08:09:59.613Z"}
{"level":"info","message":"Router ------------","timestamp":"2024-12-26T08:12:42.639Z"}
{"level":"error","message":"Error in user login :  Database query failed : password authentication failed for user \"postgres\"","stack":"Error: Database query failed : password authentication failed for user \"postgres\"\n    at C:\\Users\\INDUMATHI\\Desktop\\KarmaCuisineBackend\\KARMA-CUISINE-BACKEND\\src\\helper\\db.ts:24:11\n    at Generator.throw (<anonymous>)\n    at rejected (C:\\Users\\INDUMATHI\\Desktop\\KarmaCuisineBackend\\KARMA-CUISINE-BACKEND\\src\\helper\\db.ts:6:65)\n    at processTicksAndRejections (node:internal/process/task_queues:105:5)","timestamp":"2024-12-26T08:12:42.679Z"}
{"level":"info","message":"Router ------------","timestamp":"2024-12-26T08:17:20.982Z"}
{"level":"error","message":"Error in user login :  Database query failed : password authentication failed for user \"postgres\"","stack":"Error: Database query failed : password authentication failed for user \"postgres\"\n    at C:\\Users\\INDUMATHI\\Desktop\\KarmaCuisineBackend\\KARMA-CUISINE-BACKEND\\src\\helper\\db.ts:24:11\n    at Generator.throw (<anonymous>)\n    at rejected (C:\\Users\\INDUMATHI\\Desktop\\KarmaCuisineBackend\\KARMA-CUISINE-BACKEND\\src\\helper\\db.ts:6:65)\n    at processTicksAndRejections (node:internal/process/task_queues:105:5)","timestamp":"2024-12-26T08:17:21.157Z"}
{"level":"info","message":"Router ------------","timestamp":"2024-12-26T08:22:39.378Z"}
{"level":"error","message":"Error in user login :  Database query failed : password authentication failed for user \"postgres\"","stack":"Error: Database query failed : password authentication failed for user \"postgres\"\n    at C:\\Users\\INDUMATHI\\Desktop\\KarmaCuisineBackend\\KARMA-CUISINE-BACKEND\\src\\helper\\db.ts:24:11\n    at Generator.throw (<anonymous>)\n    at rejected (C:\\Users\\INDUMATHI\\Desktop\\KarmaCuisineBackend\\KARMA-CUISINE-BACKEND\\src\\helper\\db.ts:6:65)\n    at processTicksAndRejections (node:internal/process/task_queues:105:5)","timestamp":"2024-12-26T08:22:39.427Z"}
{"level":"info","message":"Router ------------","timestamp":"2024-12-26T08:22:40.575Z"}
{"level":"error","message":"Error in user login :  Database query failed : password authentication failed for user \"postgres\"","stack":"Error: Database query failed : password authentication failed for user \"postgres\"\n    at C:\\Users\\INDUMATHI\\Desktop\\KarmaCuisineBackend\\KARMA-CUISINE-BACKEND\\src\\helper\\db.ts:24:11\n    at Generator.throw (<anonymous>)\n    at rejected (C:\\Users\\INDUMATHI\\Desktop\\KarmaCuisineBackend\\KARMA-CUISINE-BACKEND\\src\\helper\\db.ts:6:65)\n    at processTicksAndRejections (node:internal/process/task_queues:105:5)","timestamp":"2024-12-26T08:22:40.627Z"}
{"level":"info","message":"Router ------------","timestamp":"2024-12-26T08:22:41.581Z"}
{"level":"error","message":"Error in user login :  Database query failed : password authentication failed for user \"postgres\"","stack":"Error: Database query failed : password authentication failed for user \"postgres\"\n    at C:\\Users\\INDUMATHI\\Desktop\\KarmaCuisineBackend\\KARMA-CUISINE-BACKEND\\src\\helper\\db.ts:24:11\n    at Generator.throw (<anonymous>)\n    at rejected (C:\\Users\\INDUMATHI\\Desktop\\KarmaCuisineBackend\\KARMA-CUISINE-BACKEND\\src\\helper\\db.ts:6:65)\n    at processTicksAndRejections (node:internal/process/task_queues:105:5)","timestamp":"2024-12-26T08:22:41.624Z"}
{"level":"info","message":"Router ------------","timestamp":"2024-12-26T08:22:42.512Z"}
{"level":"error","message":"Error in user login :  Database query failed : password authentication failed for user \"postgres\"","stack":"Error: Database query failed : password authentication failed for user \"postgres\"\n    at C:\\Users\\INDUMATHI\\Desktop\\KarmaCuisineBackend\\KARMA-CUISINE-BACKEND\\src\\helper\\db.ts:24:11\n    at Generator.throw (<anonymous>)\n    at rejected (C:\\Users\\INDUMATHI\\Desktop\\KarmaCuisineBackend\\KARMA-CUISINE-BACKEND\\src\\helper\\db.ts:6:65)\n    at processTicksAndRejections (node:internal/process/task_queues:105:5)","timestamp":"2024-12-26T08:22:42.677Z"}
{"level":"info","message":"Router ------------","timestamp":"2024-12-26T08:22:44.556Z"}
{"level":"error","message":"Error in user login :  Database query failed : password authentication failed for user \"postgres\"","stack":"Error: Database query failed : password authentication failed for user \"postgres\"\n    at C:\\Users\\INDUMATHI\\Desktop\\KarmaCuisineBackend\\KARMA-CUISINE-BACKEND\\src\\helper\\db.ts:24:11\n    at Generator.throw (<anonymous>)\n    at rejected (C:\\Users\\INDUMATHI\\Desktop\\KarmaCuisineBackend\\KARMA-CUISINE-BACKEND\\src\\helper\\db.ts:6:65)\n    at processTicksAndRejections (node:internal/process/task_queues:105:5)","timestamp":"2024-12-26T08:22:44.609Z"}
{"level":"info","message":"Router ------------","timestamp":"2024-12-26T08:23:23.399Z"}
{"level":"error","message":"Error in user login :  Database query failed : password authentication failed for user \"postgres\"","stack":"Error: Database query failed : password authentication failed for user \"postgres\"\n    at C:\\Users\\INDUMATHI\\Desktop\\KarmaCuisineBackend\\KARMA-CUISINE-BACKEND\\src\\helper\\db.ts:24:11\n    at Generator.throw (<anonymous>)\n    at rejected (C:\\Users\\INDUMATHI\\Desktop\\KarmaCuisineBackend\\KARMA-CUISINE-BACKEND\\src\\helper\\db.ts:6:65)\n    at processTicksAndRejections (node:internal/process/task_queues:105:5)","timestamp":"2024-12-26T08:23:23.447Z"}
{"level":"info","message":"Router ------------","timestamp":"2024-12-26T08:23:24.545Z"}
{"level":"error","message":"Error in user login :  Database query failed : password authentication failed for user \"postgres\"","stack":"Error: Database query failed : password authentication failed for user \"postgres\"\n    at C:\\Users\\INDUMATHI\\Desktop\\KarmaCuisineBackend\\KARMA-CUISINE-BACKEND\\src\\helper\\db.ts:24:11\n    at Generator.throw (<anonymous>)\n    at rejected (C:\\Users\\INDUMATHI\\Desktop\\KarmaCuisineBackend\\KARMA-CUISINE-BACKEND\\src\\helper\\db.ts:6:65)\n    at processTicksAndRejections (node:internal/process/task_queues:105:5)","timestamp":"2024-12-26T08:23:24.584Z"}
{"level":"info","message":"Router ------------","timestamp":"2024-12-26T08:24:23.013Z"}
{"level":"error","message":"Error in user login :  Database query failed : password authentication failed for user \"postgres\"","stack":"Error: Database query failed : password authentication failed for user \"postgres\"\n    at C:\\Users\\INDUMATHI\\Desktop\\KarmaCuisineBackend\\KARMA-CUISINE-BACKEND\\src\\helper\\db.ts:24:11\n    at Generator.throw (<anonymous>)\n    at rejected (C:\\Users\\INDUMATHI\\Desktop\\KarmaCuisineBackend\\KARMA-CUISINE-BACKEND\\src\\helper\\db.ts:6:65)\n    at processTicksAndRejections (node:internal/process/task_queues:105:5)","timestamp":"2024-12-26T08:24:23.068Z"}
{"level":"info","message":"Router ------------","timestamp":"2024-12-26T08:24:24.211Z"}
{"level":"error","message":"Error in user login :  Database query failed : password authentication failed for user \"postgres\"","stack":"Error: Database query failed : password authentication failed for user \"postgres\"\n    at C:\\Users\\INDUMATHI\\Desktop\\KarmaCuisineBackend\\KARMA-CUISINE-BACKEND\\src\\helper\\db.ts:24:11\n    at Generator.throw (<anonymous>)\n    at rejected (C:\\Users\\INDUMATHI\\Desktop\\KarmaCuisineBackend\\KARMA-CUISINE-BACKEND\\src\\helper\\db.ts:6:65)\n    at processTicksAndRejections (node:internal/process/task_queues:105:5)","timestamp":"2024-12-26T08:24:24.262Z"}
{"level":"info","message":"Router ------------","timestamp":"2024-12-26T08:26:39.304Z"}
{"level":"error","message":"Error in user login :  Database query failed : password authentication failed for user \"postgres\"","stack":"Error: Database query failed : password authentication failed for user \"postgres\"\n    at C:\\Users\\INDUMATHI\\Desktop\\KarmaCuisineBackend\\KARMA-CUISINE-BACKEND\\src\\helper\\db.ts:24:11\n    at Generator.throw (<anonymous>)\n    at rejected (C:\\Users\\INDUMATHI\\Desktop\\KarmaCuisineBackend\\KARMA-CUISINE-BACKEND\\src\\helper\\db.ts:6:65)\n    at processTicksAndRejections (node:internal/process/task_queues:105:5)","timestamp":"2024-12-26T08:26:39.490Z"}
{"level":"info","message":"Server running --- from server.ts","timestamp":"2024-12-26T08:27:51.090Z"}
{"level":"info","message":"Router ------------","timestamp":"2024-12-26T08:28:05.885Z"}
{"level":"error","message":"Error in user login :  Database query failed : password authentication failed for user \"postgres\"","stack":"Error: Database query failed : password authentication failed for user \"postgres\"\n    at C:\\Users\\INDUMATHI\\Desktop\\KarmaCuisineBackend\\KARMA-CUISINE-BACKEND\\src\\helper\\db.ts:24:11\n    at Generator.throw (<anonymous>)\n    at rejected (C:\\Users\\INDUMATHI\\Desktop\\KarmaCuisineBackend\\KARMA-CUISINE-BACKEND\\src\\helper\\db.ts:6:65)\n    at processTicksAndRejections (node:internal/process/task_queues:105:5)","timestamp":"2024-12-26T08:28:05.939Z"}
{"level":"info","message":"Router ------------","timestamp":"2024-12-26T10:16:52.488Z"}
{"level":"error","message":"Error in user login :  Database query failed : password authentication failed for user \"postgres\"","stack":"Error: Database query failed : password authentication failed for user \"postgres\"\n    at C:\\Users\\INDUMATHI\\Desktop\\KarmaCuisineBackend\\KARMA-CUISINE-BACKEND\\src\\helper\\db.ts:24:11\n    at Generator.throw (<anonymous>)\n    at rejected (C:\\Users\\INDUMATHI\\Desktop\\KarmaCuisineBackend\\KARMA-CUISINE-BACKEND\\src\\helper\\db.ts:6:65)\n    at processTicksAndRejections (node:internal/process/task_queues:105:5)","timestamp":"2024-12-26T10:16:52.560Z"}
{"level":"info","message":"Router ------------","timestamp":"2024-12-26T10:24:51.042Z"}
{"level":"error","message":"Error in user login :  Database query failed : password authentication failed for user \"postgres\"","stack":"Error: Database query failed : password authentication failed for user \"postgres\"\n    at C:\\Users\\INDUMATHI\\Desktop\\KarmaCuisineBackend\\KARMA-CUISINE-BACKEND\\src\\helper\\db.ts:24:11\n    at Generator.throw (<anonymous>)\n    at rejected (C:\\Users\\INDUMATHI\\Desktop\\KarmaCuisineBackend\\KARMA-CUISINE-BACKEND\\src\\helper\\db.ts:6:65)\n    at processTicksAndRejections (node:internal/process/task_queues:105:5)","timestamp":"2024-12-26T10:24:51.105Z"}
{"level":"info","message":"Router ------------","timestamp":"2024-12-26T10:41:56.527Z"}
{"level":"error","message":"Error in user login :  Database query failed : password authentication failed for user \"postgres\"","stack":"Error: Database query failed : password authentication failed for user \"postgres\"\n    at C:\\Users\\INDUMATHI\\Desktop\\KarmaCuisineBackend\\KARMA-CUISINE-BACKEND\\src\\helper\\db.ts:24:11\n    at Generator.throw (<anonymous>)\n    at rejected (C:\\Users\\INDUMATHI\\Desktop\\KarmaCuisineBackend\\KARMA-CUISINE-BACKEND\\src\\helper\\db.ts:6:65)\n    at processTicksAndRejections (node:internal/process/task_queues:105:5)","timestamp":"2024-12-26T10:41:56.574Z"}
{"level":"info","message":"Router ------------","timestamp":"2024-12-26T10:42:01.309Z"}
{"level":"error","message":"Error in user login :  Database query failed : password authentication failed for user \"postgres\"","stack":"Error: Database query failed : password authentication failed for user \"postgres\"\n    at C:\\Users\\INDUMATHI\\Desktop\\KarmaCuisineBackend\\KARMA-CUISINE-BACKEND\\src\\helper\\db.ts:24:11\n    at Generator.throw (<anonymous>)\n    at rejected (C:\\Users\\INDUMATHI\\Desktop\\KarmaCuisineBackend\\KARMA-CUISINE-BACKEND\\src\\helper\\db.ts:6:65)\n    at processTicksAndRejections (node:internal/process/task_queues:105:5)","timestamp":"2024-12-26T10:42:01.358Z"}
{"level":"info","message":"Router ------------","timestamp":"2024-12-26T10:42:02.003Z"}
{"level":"error","message":"Error in user login :  Database query failed : password authentication failed for user \"postgres\"","stack":"Error: Database query failed : password authentication failed for user \"postgres\"\n    at C:\\Users\\INDUMATHI\\Desktop\\KarmaCuisineBackend\\KARMA-CUISINE-BACKEND\\src\\helper\\db.ts:24:11\n    at Generator.throw (<anonymous>)\n    at rejected (C:\\Users\\INDUMATHI\\Desktop\\KarmaCuisineBackend\\KARMA-CUISINE-BACKEND\\src\\helper\\db.ts:6:65)\n    at processTicksAndRejections (node:internal/process/task_queues:105:5)","timestamp":"2024-12-26T10:42:02.047Z"}
{"level":"info","message":"Router ------------","timestamp":"2024-12-26T10:47:38.839Z"}
{"level":"error","message":"Error in user login :  Database query failed : password authentication failed for user \"postgres\"","stack":"Error: Database query failed : password authentication failed for user \"postgres\"\n    at C:\\Users\\INDUMATHI\\Desktop\\KarmaCuisineBackend\\KARMA-CUISINE-BACKEND\\src\\helper\\db.ts:24:11\n    at Generator.throw (<anonymous>)\n    at rejected (C:\\Users\\INDUMATHI\\Desktop\\KarmaCuisineBackend\\KARMA-CUISINE-BACKEND\\src\\helper\\db.ts:6:65)\n    at processTicksAndRejections (node:internal/process/task_queues:105:5)","timestamp":"2024-12-26T10:47:38.882Z"}
{"level":"info","message":"Router ------------","timestamp":"2024-12-26T10:49:32.101Z"}
{"level":"error","message":"Error in user login :  Database query failed : password authentication failed for user \"postgres\"","stack":"Error: Database query failed : password authentication failed for user \"postgres\"\n    at C:\\Users\\INDUMATHI\\Desktop\\KarmaCuisineBackend\\KARMA-CUISINE-BACKEND\\src\\helper\\db.ts:24:11\n    at Generator.throw (<anonymous>)\n    at rejected (C:\\Users\\INDUMATHI\\Desktop\\KarmaCuisineBackend\\KARMA-CUISINE-BACKEND\\src\\helper\\db.ts:6:65)\n    at processTicksAndRejections (node:internal/process/task_queues:105:5)","timestamp":"2024-12-26T10:49:32.150Z"}
{"level":"info","message":"Server running --- from server.ts","timestamp":"2024-12-26T10:50:34.260Z"}
{"level":"info","message":"Router ------------","timestamp":"2024-12-26T10:50:52.528Z"}
{"level":"error","message":"Error in user Signup :  Database query failed : password authentication failed for user \"postgres\"","stack":"Error: Database query failed : password authentication failed for user \"postgres\"\n    at C:\\Users\\INDUMATHI\\Desktop\\KarmaCuisineBackend\\KARMA-CUISINE-BACKEND\\src\\helper\\db.ts:24:11\n    at Generator.throw (<anonymous>)\n    at rejected (C:\\Users\\INDUMATHI\\Desktop\\KarmaCuisineBackend\\KARMA-CUISINE-BACKEND\\src\\helper\\db.ts:6:65)\n    at processTicksAndRejections (node:internal/process/task_queues:105:5)","timestamp":"2024-12-26T10:50:52.689Z"}
{"level":"info","message":"Router ------------","timestamp":"2024-12-26T10:53:24.488Z"}
{"level":"error","message":"Error in user Signup :  Database query failed : password authentication failed for user \"postgres\"","stack":"Error: Database query failed : password authentication failed for user \"postgres\"\n    at C:\\Users\\INDUMATHI\\Desktop\\KarmaCuisineBackend\\KARMA-CUISINE-BACKEND\\src\\helper\\db.ts:24:11\n    at Generator.throw (<anonymous>)\n    at rejected (C:\\Users\\INDUMATHI\\Desktop\\KarmaCuisineBackend\\KARMA-CUISINE-BACKEND\\src\\helper\\db.ts:6:65)\n    at processTicksAndRejections (node:internal/process/task_queues:105:5)","timestamp":"2024-12-26T10:53:24.618Z"}
{"level":"info","message":"Router ------------","timestamp":"2024-12-26T10:55:05.150Z"}
{"level":"error","message":"Error in user Signup :  Database query failed : password authentication failed for user \"postgres\"","stack":"Error: Database query failed : password authentication failed for user \"postgres\"\n    at C:\\Users\\INDUMATHI\\Desktop\\KarmaCuisineBackend\\KARMA-CUISINE-BACKEND\\src\\helper\\db.ts:24:11\n    at Generator.throw (<anonymous>)\n    at rejected (C:\\Users\\INDUMATHI\\Desktop\\KarmaCuisineBackend\\KARMA-CUISINE-BACKEND\\src\\helper\\db.ts:6:65)\n    at processTicksAndRejections (node:internal/process/task_queues:105:5)","timestamp":"2024-12-26T10:55:05.282Z"}
{"level":"info","message":"Server running --- from server.ts","timestamp":"2024-12-26T10:56:34.050Z"}
{"level":"info","message":"Router ------------","timestamp":"2024-12-26T10:56:37.261Z"}
{"level":"error","message":"Error in user Signup :  Database query failed : password authentication failed for user \"postgres\"","stack":"Error: Database query failed : password authentication failed for user \"postgres\"\n    at C:\\Users\\INDUMATHI\\Desktop\\KarmaCuisineBackend\\KARMA-CUISINE-BACKEND\\src\\helper\\db.ts:24:11\n    at Generator.throw (<anonymous>)\n    at rejected (C:\\Users\\INDUMATHI\\Desktop\\KarmaCuisineBackend\\KARMA-CUISINE-BACKEND\\src\\helper\\db.ts:6:65)\n    at processTicksAndRejections (node:internal/process/task_queues:105:5)","timestamp":"2024-12-26T10:56:37.429Z"}
{"level":"info","message":"Router ------------","timestamp":"2024-12-26T11:01:58.854Z"}
{"level":"error","message":"Error in user Signup :  Database query failed : password authentication failed for user \"postgres\"","stack":"Error: Database query failed : password authentication failed for user \"postgres\"\n    at C:\\Users\\INDUMATHI\\Desktop\\KarmaCuisineBackend\\KARMA-CUISINE-BACKEND\\src\\helper\\db.ts:24:11\n    at Generator.throw (<anonymous>)\n    at rejected (C:\\Users\\INDUMATHI\\Desktop\\KarmaCuisineBackend\\KARMA-CUISINE-BACKEND\\src\\helper\\db.ts:6:65)\n    at processTicksAndRejections (node:internal/process/task_queues:105:5)","timestamp":"2024-12-26T11:01:59.020Z"}
{"level":"info","message":"Server running --- from server.ts","timestamp":"2024-12-26T11:04:16.719Z"}
{"level":"info","message":"Router ------------","timestamp":"2024-12-26T11:04:24.004Z"}
{"level":"error","message":"Error in user Signup :  Database query failed : password authentication failed for user \"postgres\"","stack":"Error: Database query failed : password authentication failed for user \"postgres\"\n    at C:\\Users\\INDUMATHI\\Desktop\\KarmaCuisineBackend\\KARMA-CUISINE-BACKEND\\src\\helper\\db.ts:24:11\n    at Generator.throw (<anonymous>)\n    at rejected (C:\\Users\\INDUMATHI\\Desktop\\KarmaCuisineBackend\\KARMA-CUISINE-BACKEND\\src\\helper\\db.ts:6:65)\n    at processTicksAndRejections (node:internal/process/task_queues:105:5)","timestamp":"2024-12-26T11:04:24.173Z"}
{"level":"info","message":"Router ------------","timestamp":"2024-12-26T11:06:43.124Z"}
{"level":"error","message":"Error in user Signup :  Database query failed : password authentication failed for user \"postgres\"","stack":"Error: Database query failed : password authentication failed for user \"postgres\"\n    at C:\\Users\\INDUMATHI\\Desktop\\KarmaCuisineBackend\\KARMA-CUISINE-BACKEND\\src\\helper\\db.ts:24:11\n    at Generator.throw (<anonymous>)\n    at rejected (C:\\Users\\INDUMATHI\\Desktop\\KarmaCuisineBackend\\KARMA-CUISINE-BACKEND\\src\\helper\\db.ts:6:65)\n    at processTicksAndRejections (node:internal/process/task_queues:105:5)","timestamp":"2024-12-26T11:06:43.260Z"}
{"level":"info","message":"Server running --- from server.ts","timestamp":"2024-12-26T11:06:54.720Z"}
{"level":"info","message":"Router ------------","timestamp":"2024-12-26T11:07:19.620Z"}
{"level":"info","message":"Server running --- from server.ts","timestamp":"2024-12-26T11:09:19.021Z"}
{"level":"info","message":"Router ------------","timestamp":"2024-12-26T11:09:25.247Z"}
{"level":"info","message":"Server running --- from server.ts","timestamp":"2024-12-26T11:10:38.216Z"}
{"level":"info","message":"Router ------------","timestamp":"2024-12-26T11:10:54.529Z"}
{"level":"info","message":"Server running --- from server.ts","timestamp":"2024-12-26T11:12:23.566Z"}
{"level":"info","message":"Server running --- from server.ts","timestamp":"2024-12-26T11:12:29.185Z"}
{"level":"info","message":"Server running --- from server.ts","timestamp":"2024-12-26T11:12:39.487Z"}
{"level":"info","message":"Router ------------","timestamp":"2024-12-26T11:12:40.789Z"}
{"level":"info","message":"Server running --- from server.ts","timestamp":"2024-12-26T11:13:22.272Z"}
{"level":"info","message":"Server running --- from server.ts","timestamp":"2024-12-26T11:13:28.318Z"}
{"level":"info","message":"Server running --- from server.ts","timestamp":"2024-12-26T11:13:48.047Z"}
{"level":"info","message":"Server running --- from server.ts","timestamp":"2024-12-26T11:13:58.737Z"}
{"level":"info","message":"Server running --- from server.ts","timestamp":"2024-12-26T11:14:11.409Z"}
{"level":"info","message":"Router ------------","timestamp":"2024-12-26T11:15:06.077Z"}
{"level":"error","message":"Error in user Signup :  Database query failed : relation \"public.users\" does not exist","stack":"Error: Database query failed : relation \"public.users\" does not exist\n    at C:\\Users\\INDUMATHI\\Desktop\\KarmaCuisineBackend\\KARMA-CUISINE-BACKEND\\src\\helper\\db.ts:24:11\n    at Generator.throw (<anonymous>)\n    at rejected (C:\\Users\\INDUMATHI\\Desktop\\KarmaCuisineBackend\\KARMA-CUISINE-BACKEND\\src\\helper\\db.ts:6:65)\n    at processTicksAndRejections (node:internal/process/task_queues:105:5)","timestamp":"2024-12-26T11:15:06.260Z"}
{"level":"info","message":"Router ------------","timestamp":"2024-12-26T11:15:20.680Z"}
{"level":"info","message":"Server running --- from server.ts","timestamp":"2024-12-26T11:16:05.146Z"}
{"level":"info","message":"Server running --- from server.ts","timestamp":"2024-12-26T11:16:26.362Z"}
{"level":"info","message":"Server running --- from server.ts","timestamp":"2024-12-26T11:16:31.022Z"}
{"level":"info","message":"Server running --- from server.ts","timestamp":"2024-12-26T11:16:34.291Z"}
{"level":"info","message":"Server running --- from server.ts","timestamp":"2024-12-26T11:16:44.811Z"}
{"level":"info","message":"Router ------------","timestamp":"2024-12-26T11:16:44.898Z"}
{"level":"error","message":"Error in user Signup :  Database query failed : syntax error at or near \"RETURNING\"","stack":"Error: Database query failed : syntax error at or near \"RETURNING\"\n    at C:\\Users\\INDUMATHI\\Desktop\\KarmaCuisineBackend\\KARMA-CUISINE-BACKEND\\src\\helper\\db.ts:24:11\n    at Generator.throw (<anonymous>)\n    at rejected (C:\\Users\\INDUMATHI\\Desktop\\KarmaCuisineBackend\\KARMA-CUISINE-BACKEND\\src\\helper\\db.ts:6:65)\n    at processTicksAndRejections (node:internal/process/task_queues:105:5)","timestamp":"2024-12-26T11:16:45.180Z"}
{"level":"info","message":"Server running --- from server.ts","timestamp":"2024-12-26T11:16:58.340Z"}
{"level":"info","message":"Router ------------","timestamp":"2024-12-26T11:17:00.007Z"}
{"level":"error","message":"Error in user Signup :  Database query failed : syntax error at or near \"RETURNING\"","stack":"Error: Database query failed : syntax error at or near \"RETURNING\"\n    at C:\\Users\\INDUMATHI\\Desktop\\KarmaCuisineBackend\\KARMA-CUISINE-BACKEND\\src\\helper\\db.ts:24:11\n    at Generator.throw (<anonymous>)\n    at rejected (C:\\Users\\INDUMATHI\\Desktop\\KarmaCuisineBackend\\KARMA-CUISINE-BACKEND\\src\\helper\\db.ts:6:65)\n    at processTicksAndRejections (node:internal/process/task_queues:105:5)","timestamp":"2024-12-26T11:17:00.167Z"}
{"level":"info","message":"Server running --- from server.ts","timestamp":"2024-12-26T11:17:16.531Z"}
{"level":"info","message":"Server running --- from server.ts","timestamp":"2024-12-26T11:17:26.974Z"}
{"level":"info","message":"Router ------------","timestamp":"2024-12-26T11:17:27.492Z"}
{"level":"info","message":"Server running --- from server.ts","timestamp":"2024-12-26T11:18:14.298Z"}
{"level":"info","message":"Router ------------","timestamp":"2024-12-26T11:18:21.661Z"}
{"level":"info","message":"Router ------------","timestamp":"2024-12-26T11:18:23.207Z"}
{"level":"info","message":"Server running --- from server.ts","timestamp":"2024-12-26T11:18:49.981Z"}
{"level":"info","message":"Server running --- from server.ts","timestamp":"2024-12-26T11:18:56.753Z"}
{"level":"info","message":"Server running --- from server.ts","timestamp":"2024-12-26T11:18:59.549Z"}
{"level":"info","message":"Server running --- from server.ts","timestamp":"2024-12-26T11:20:55.412Z"}
{"level":"info","message":"Router ------------","timestamp":"2024-12-26T11:20:56.463Z"}
{"level":"info","message":"Router ------------","timestamp":"2024-12-26T11:37:57.385Z"}
{"level":"error","message":"Error in userSignUp: Database query failed : relation \"public.users\" does not exist","stack":"Error: Database query failed : relation \"public.users\" does not exist\n    at C:\\Users\\INDUMATHI\\Desktop\\KarmaCuisineBackend\\KARMA-CUISINE-BACKEND\\src\\helper\\db.ts:24:11\n    at Generator.throw (<anonymous>)\n    at rejected (C:\\Users\\INDUMATHI\\Desktop\\KarmaCuisineBackend\\KARMA-CUISINE-BACKEND\\src\\helper\\db.ts:6:65)\n    at processTicksAndRejections (node:internal/process/task_queues:105:5)","timestamp":"2024-12-26T11:37:57.679Z"}
{"level":"info","message":"Server running --- from server.ts","timestamp":"2024-12-26T11:42:08.205Z"}
{"level":"info","message":"Router ------------","timestamp":"2024-12-26T11:42:11.291Z"}
{"level":"error","message":"Error in userSignUp: Database query failed : column \"refSCustId\" does not exist","stack":"Error: Database query failed : column \"refSCustId\" does not exist\n    at C:\\Users\\INDUMATHI\\Desktop\\KarmaCuisineBackend\\KARMA-CUISINE-BACKEND\\src\\helper\\db.ts:24:11\n    at Generator.throw (<anonymous>)\n    at rejected (C:\\Users\\INDUMATHI\\Desktop\\KarmaCuisineBackend\\KARMA-CUISINE-BACKEND\\src\\helper\\db.ts:6:65)\n    at processTicksAndRejections (node:internal/process/task_queues:105:5)","timestamp":"2024-12-26T11:42:11.490Z"}
{"level":"info","message":"Server running --- from server.ts","timestamp":"2024-12-26T11:42:57.588Z"}
{"level":"info","message":"Router ------------","timestamp":"2024-12-26T11:43:05.463Z"}
{"level":"error","message":"Error in userSignUp: Database query failed : null value in column \"refUserId\" of relation \"refCommunication\" violates not-null constraint","stack":"Error: Database query failed : null value in column \"refUserId\" of relation \"refCommunication\" violates not-null constraint\n    at C:\\Users\\INDUMATHI\\Desktop\\KarmaCuisineBackend\\KARMA-CUISINE-BACKEND\\src\\helper\\db.ts:24:11\n    at Generator.throw (<anonymous>)\n    at rejected (C:\\Users\\INDUMATHI\\Desktop\\KarmaCuisineBackend\\KARMA-CUISINE-BACKEND\\src\\helper\\db.ts:6:65)\n    at processTicksAndRejections (node:internal/process/task_queues:105:5)","timestamp":"2024-12-26T11:43:05.842Z"}
{"level":"info","message":"Server running --- from server.ts","timestamp":"2024-12-26T11:43:47.731Z"}
{"level":"info","message":"Router ------------","timestamp":"2024-12-26T11:43:48.204Z"}
{"level":"info","message":"Server running --- from server.ts","timestamp":"2024-12-26T11:47:16.351Z"}
{"level":"info","message":"Server running --- from server.ts","timestamp":"2024-12-26T11:47:19.682Z"}
{"level":"info","message":"Router ------------","timestamp":"2024-12-26T11:49:42.059Z"}
{"level":"info","message":"Router ------------","timestamp":"2024-12-26T11:49:44.708Z"}
{"level":"info","message":"Router ------------","timestamp":"2024-12-26T11:49:46.372Z"}
{"level":"info","message":"Router ------------","timestamp":"2024-12-26T11:49:47.870Z"}
{"level":"info","message":"Server running --- from server.ts","timestamp":"2024-12-26T11:49:59.454Z"}
{"level":"info","message":"Server running --- from server.ts","timestamp":"2024-12-26T11:50:03.603Z"}
{"level":"info","message":"Router ------------","timestamp":"2024-12-26T11:50:05.186Z"}
{"level":"info","message":"Router ------------","timestamp":"2024-12-26T11:50:12.890Z"}
{"level":"error","message":"Error in userSignUp: Database query failed : null value in column \"refUserId\" of relation \"refCommunication\" violates not-null constraint","stack":"Error: Database query failed : null value in column \"refUserId\" of relation \"refCommunication\" violates not-null constraint\n    at C:\\Users\\INDUMATHI\\Desktop\\KarmaCuisineBackend\\KARMA-CUISINE-BACKEND\\src\\helper\\db.ts:24:11\n    at Generator.throw (<anonymous>)\n    at rejected (C:\\Users\\INDUMATHI\\Desktop\\KarmaCuisineBackend\\KARMA-CUISINE-BACKEND\\src\\helper\\db.ts:6:65)\n    at processTicksAndRejections (node:internal/process/task_queues:105:5)","timestamp":"2024-12-26T11:50:13.107Z"}
{"level":"info","message":"Server running --- from server.ts","timestamp":"2024-12-26T11:51:21.736Z"}
{"level":"info","message":"Server running --- from server.ts","timestamp":"2024-12-26T11:52:13.953Z"}
{"level":"info","message":"Server running --- from server.ts","timestamp":"2024-12-26T11:52:20.942Z"}
{"level":"info","message":"Router ------------","timestamp":"2024-12-26T11:52:25.693Z"}
{"level":"info","message":"Router ------------","timestamp":"2024-12-26T11:52:32.440Z"}
{"level":"error","message":"Error in userSignUp: Database query failed : bind message supplies 5 parameters, but prepared statement \"\" requires 4","stack":"Error: Database query failed : bind message supplies 5 parameters, but prepared statement \"\" requires 4\n    at C:\\Users\\INDUMATHI\\Desktop\\KarmaCuisineBackend\\KARMA-CUISINE-BACKEND\\src\\helper\\db.ts:24:11\n    at Generator.throw (<anonymous>)\n    at rejected (C:\\Users\\INDUMATHI\\Desktop\\KarmaCuisineBackend\\KARMA-CUISINE-BACKEND\\src\\helper\\db.ts:6:65)\n    at processTicksAndRejections (node:internal/process/task_queues:105:5)","timestamp":"2024-12-26T11:52:32.716Z"}
{"level":"info","message":"Server running --- from server.ts","timestamp":"2024-12-26T11:54:12.995Z"}
{"level":"info","message":"Server running --- from server.ts","timestamp":"2024-12-26T11:54:18.424Z"}
{"level":"info","message":"Server running --- from server.ts","timestamp":"2024-12-26T11:54:24.593Z"}
{"level":"info","message":"Server running --- from server.ts","timestamp":"2024-12-26T11:54:34.077Z"}
{"level":"info","message":"Server running --- from server.ts","timestamp":"2024-12-26T11:54:39.555Z"}
{"level":"info","message":"Router ------------","timestamp":"2024-12-26T11:54:48.443Z"}
{"level":"error","message":"Error in userSignUp: Database query failed : bind message supplies 5 parameters, but prepared statement \"\" requires 4","stack":"Error: Database query failed : bind message supplies 5 parameters, but prepared statement \"\" requires 4\n    at C:\\Users\\INDUMATHI\\Desktop\\KarmaCuisineBackend\\KARMA-CUISINE-BACKEND\\src\\helper\\db.ts:24:11\n    at Generator.throw (<anonymous>)\n    at rejected (C:\\Users\\INDUMATHI\\Desktop\\KarmaCuisineBackend\\KARMA-CUISINE-BACKEND\\src\\helper\\db.ts:6:65)\n    at processTicksAndRejections (node:internal/process/task_queues:105:5)","timestamp":"2024-12-26T11:54:48.856Z"}
{"level":"info","message":"Server running --- from server.ts","timestamp":"2024-12-26T11:56:41.550Z"}
{"level":"info","message":"Server running --- from server.ts","timestamp":"2024-12-26T11:56:56.256Z"}
{"level":"info","message":"Router ------------","timestamp":"2024-12-26T11:57:02.370Z"}
{"level":"info","message":"Server running --- from server.ts","timestamp":"2024-12-26T12:03:27.222Z"}
{"level":"info","message":"Server running --- from server.ts","timestamp":"2024-12-26T12:54:55.637Z"}
